F:\2010解决方案\连连看\DEBUG\LLK.EXE
F:\2010解决方案\连连看\DEBUG\LLK.ILK
F:\2010解决方案\连连看\DEBUG\LLK.PDB
F:\2010解决方案\连连看\LLK\Debug\cl.command.1.tlog
F:\2010解决方案\连连看\LLK\Debug\CL.read.1.tlog
F:\2010解决方案\连连看\LLK\Debug\CL.write.1.tlog
F:\2010解决方案\连连看\LLK\DEBUG\HELPDIALOG.OBJ
F:\2010解决方案\连连看\LLK\Debug\link.10908.read.1.tlog
F:\2010解决方案\连连看\LLK\Debug\link.10908.write.1.tlog
F:\2010解决方案\连连看\LLK\Debug\link.10908-cvtres.read.1.tlog
F:\2010解决方案\连连看\LLK\Debug\link.10908-cvtres.write.1.tlog
F:\2010解决方案\连连看\LLK\Debug\link.13672.read.1.tlog
F:\2010解决方案\连连看\LLK\Debug\link.13672.write.1.tlog
F:\2010解决方案\连连看\LLK\Debug\link.13672-cvtres.read.1.tlog
F:\2010解决方案\连连看\LLK\Debug\link.13672-cvtres.write.1.tlog
F:\2010解决方案\连连看\LLK\Debug\link.4980.read.1.tlog
F:\2010解决方案\连连看\LLK\Debug\link.4980.write.1.tlog
F:\2010解决方案\连连看\LLK\Debug\link.4980-cvtres.read.1.tlog
F:\2010解决方案\连连看\LLK\Debug\link.4980-cvtres.write.1.tlog
F:\2010解决方案\连连看\LLK\Debug\link.9492.read.1.tlog
F:\2010解决方案\连连看\LLK\Debug\link.9492.write.1.tlog
F:\2010解决方案\连连看\LLK\Debug\link.9492-cvtres.read.1.tlog
F:\2010解决方案\连连看\LLK\Debug\link.9492-cvtres.write.1.tlog
F:\2010解决方案\连连看\LLK\Debug\link.command.1.tlog
F:\2010解决方案\连连看\LLK\Debug\link.read.1.tlog
F:\2010解决方案\连连看\LLK\Debug\link.write.1.tlog
F:\2010解决方案\连连看\LLK\Debug\link-cvtres.read.1.tlog
F:\2010解决方案\连连看\LLK\Debug\link-cvtres.write.1.tlog
F:\2010解决方案\连连看\LLK\DEBUG\LLK.EXE.EMBED.MANIFEST
F:\2010解决方案\连连看\LLK\DEBUG\LLK.EXE.EMBED.MANIFEST.RES
F:\2010解决方案\连连看\LLK\DEBUG\LLK.EXE.INTERMEDIATE.MANIFEST
F:\2010解决方案\连连看\LLK\DEBUG\LLK.OBJ
F:\2010解决方案\连连看\LLK\DEBUG\LLK.PCH
F:\2010解决方案\连连看\LLK\DEBUG\LLK.RES
F:\2010解决方案\连连看\LLK\Debug\LLK.vcxprojResolveAssemblyReference.cache
F:\2010解决方案\连连看\LLK\Debug\LLK.write.1.tlog
F:\2010解决方案\连连看\LLK\Debug\LLK_manifest.rc
F:\2010解决方案\连连看\LLK\DEBUG\LLKADDDLG.OBJ
F:\2010解决方案\连连看\LLK\Debug\LLKBasicModel.obj
F:\2010解决方案\连连看\LLK\DEBUG\LLKBUTTON.OBJ
F:\2010解决方案\连连看\LLK\DEBUG\LLKDLG.OBJ
F:\2010解决方案\连连看\LLK\DEBUG\LLKLEVELMODEL.OBJ
F:\2010解决方案\连连看\LLK\DEBUG\LLKRECORDDLG.OBJ
F:\2010解决方案\连连看\LLK\Debug\LLKRelaxModel.obj
F:\2010解决方案\连连看\LLK\Debug\mt.command.1.tlog
F:\2010解决方案\连连看\LLK\Debug\mt.read.1.tlog
F:\2010解决方案\连连看\LLK\Debug\mt.write.1.tlog
F:\2010解决方案\连连看\LLK\Debug\rc.command.1.tlog
F:\2010解决方案\连连看\LLK\Debug\rc.read.1.tlog
F:\2010解决方案\连连看\LLK\Debug\rc.write.1.tlog
F:\2010解决方案\连连看\LLK\DEBUG\STDAFX.OBJ
F:\2010解决方案\连连看\LLK\Debug\vc100.idb
F:\2010解决方案\连连看\LLK\DEBUG\VC100.PDB
