生成启动时间为 2017/5/8 22:07:56。
     1>项目“F:\2010解决方案\LLKan\LLKan.vcxproj”在节点 2 上(build 个目标)。
     1>InitializeBuildStatus:
         正在创建“Debug\LLKan.unsuccessfulbuild”，因为已指定“AlwaysCreate”。
       ClCompile:
         所有输出均为最新。
         所有输出均为最新。
       ResourceCompile:
         所有输出均为最新。
       ManifestResourceCompile:
         所有输出均为最新。
       Link:
         所有输出均为最新。
       Manifest:
         所有输出均为最新。
         所有输出均为最新。
       FinalizeBuildStatus:
         正在删除文件“Debug\LLKan.unsuccessfulbuild”。
         正在对“Debug\LLKan.lastbuildstate”执行 Touch 任务。
     1>已完成生成项目“F:\2010解决方案\LLKan\LLKan.vcxproj”(build 个目标)的操作。

生成成功。

已用时间 00:00:00.06
