生成启动时间为 2017/5/14 20:29:35。
     1>项目“F:\2010解决方案\景区信息管理系统\景区信息管理系统\景区信息管理系统.vcxproj”在节点 2 上(build 个目标)。
     1>InitializeBuildStatus:
         正在创建“Debug\景区信息管理系统.unsuccessfulbuild”，因为已指定“AlwaysCreate”。
       ClCompile:
         F:\Visual Studio 2010\VC\bin\CL.exe /c /ZI /nologo /W3 /WX- /Od /Oy- /D _UNICODE /D UNICODE /Gm /EHsc /RTC1 /MDd /GS /fp:precise /Zc:wchar_t /Zc:forScope /Fo"Debug\\" /Fd"Debug\vc100.pdb" /Gd /TP /analyze- /errorReport:prompt CGraph.cpp
         CGraph.cpp
       Link:
         F:\Visual Studio 2010\VC\bin\link.exe /ERRORREPORT:PROMPT /OUT:"F:\2010解决方案\景区信息管理系统\Debug\景区信息管理系统.exe" /NOLOGO kernel32.lib user32.lib gdi32.lib winspool.lib comdlg32.lib advapi32.lib shell32.lib ole32.lib oleaut32.lib uuid.lib odbc32.lib odbccp32.lib /MANIFEST /ManifestFile:"Debug\景区信息管理系统.exe.intermediate.manifest" /MANIFESTUAC:"level='asInvoker' uiAccess='false'" /DEBUG /PDB:"F:\2010解决方案\景区信息管理系统\Debug\景区信息管理系统.pdb" /TLBID:1 /DYNAMICBASE /NXCOMPAT /IMPLIB:"F:\2010解决方案\景区信息管理系统\Debug\景区信息管理系统.lib" /MACHINE:X86 Debug\CGraph.obj
         Debug\CTourism.obj
         Debug\main.obj
         LINK : 没有找到 F:\2010解决方案\景区信息管理系统\Debug\景区信息管理系统.exe 或上一个增量链接没有生成它；正在执行完全链接
         景区信息管理系统.vcxproj -> F:\2010解决方案\景区信息管理系统\Debug\景区信息管理系统.exe
       Manifest:
         C:\Program Files (x86)\Microsoft SDKs\Windows\v7.0A\bin\mt.exe /nologo /verbose /outputresource:"F:\2010解决方案\景区信息管理系统\Debug\景区信息管理系统.exe;#1" /manifest "Debug\景区信息管理系统.exe.intermediate.manifest"
       FinalizeBuildStatus:
         正在删除文件“Debug\景区信息管理系统.unsuccessfulbuild”。
         正在对“Debug\景区信息管理系统.lastbuildstate”执行 Touch 任务。
     1>已完成生成项目“F:\2010解决方案\景区信息管理系统\景区信息管理系统\景区信息管理系统.vcxproj”(build 个目标)的操作。

生成成功。

已用时间 00:00:03.91
