F:\2010解决方案\景区信息管理系统\DEBUG\景区信息管理系统.EXE
F:\2010解决方案\景区信息管理系统\DEBUG\景区信息管理系统.ILK
F:\2010解决方案\景区信息管理系统\DEBUG\景区信息管理系统.PDB
F:\2010解决方案\景区信息管理系统\景区信息管理系统\DEBUG\CGRAPH.OBJ
F:\2010解决方案\景区信息管理系统\景区信息管理系统\Debug\cl.command.1.tlog
F:\2010解决方案\景区信息管理系统\景区信息管理系统\Debug\CL.read.1.tlog
F:\2010解决方案\景区信息管理系统\景区信息管理系统\Debug\CL.write.1.tlog
F:\2010解决方案\景区信息管理系统\景区信息管理系统\DEBUG\CTOURISM.OBJ
F:\2010解决方案\景区信息管理系统\景区信息管理系统\Debug\link.command.1.tlog
F:\2010解决方案\景区信息管理系统\景区信息管理系统\Debug\link.read.1.tlog
F:\2010解决方案\景区信息管理系统\景区信息管理系统\Debug\link.write.1.tlog
F:\2010解决方案\景区信息管理系统\景区信息管理系统\DEBUG\MAIN.OBJ
F:\2010解决方案\景区信息管理系统\景区信息管理系统\Debug\mt.command.1.tlog
F:\2010解决方案\景区信息管理系统\景区信息管理系统\Debug\mt.read.1.tlog
F:\2010解决方案\景区信息管理系统\景区信息管理系统\Debug\mt.write.1.tlog
F:\2010解决方案\景区信息管理系统\景区信息管理系统\Debug\vc100.idb
F:\2010解决方案\景区信息管理系统\景区信息管理系统\DEBUG\VC100.PDB
F:\2010解决方案\景区信息管理系统\景区信息管理系统\DEBUG\景区信息管理系统.EXE.INTERMEDIATE.MANIFEST
F:\2010解决方案\景区信息管理系统\景区信息管理系统\Debug\景区信息管理系统.vcxprojResolveAssemblyReference.cache
F:\2010解决方案\景区信息管理系统\景区信息管理系统\Debug\景区信息管理系统.write.1.tlog
